Unity Editor version:    2021.3.10f1 (1c7d0df0160b)
Branch:                  2021.3/staging
Build type:              Release
Batch mode:              YES
macOS version:           Version 12.5 (Build 21G72)
Darwin version:          21.6.0
Architecture:            x86_64
Running under Rosetta:   YES
Available memory:        32768 MB
Using pre-set license
Pro License: YES

COMMAND LINE ARGUMENTS:
/Applications/Unity/Hub/Editor/2021.3.10f1/Unity.app/Contents/MacOS/Unity
-adb2
-batchMode
-noUpm
-name
AssetImportWorker2
-projectPath
/Users/continuu/Desktop/Class/Fruit-Tea/Fruit Tea 2.0
-logFile
Logs/AssetImportWorker2.log
-srvPort
53096
Successfully changed project path to: /Users/continuu/Desktop/Class/Fruit-Tea/Fruit Tea 2.0
/Users/continuu/Desktop/Class/Fruit-Tea/Fruit Tea 2.0
[UnityMemory] Configuration Parameters - Can be set up in boot.config
    "memorysetup-bucket-allocator-granularity=16"
    "memorysetup-bucket-allocator-bucket-count=8"
    "memorysetup-bucket-allocator-block-size=33554432"
    "memorysetup-bucket-allocator-block-count=8"
    "memorysetup-main-allocator-block-size=16777216"
    "memorysetup-thread-allocator-block-size=16777216"
    "memorysetup-gfx-main-allocator-block-size=16777216"
    "memorysetup-gfx-thread-allocator-block-size=16777216"
    "memorysetup-cache-allocator-block-size=4194304"
    "memorysetup-typetree-allocator-block-size=2097152"
    "memorysetup-profiler-bucket-allocator-granularity=16"
    "memorysetup-profiler-bucket-allocator-bucket-count=8"
    "memorysetup-profiler-bucket-allocator-block-size=33554432"
    "memorysetup-profiler-bucket-allocator-block-count=8"
    "memorysetup-profiler-allocator-block-size=16777216"
    "memorysetup-profiler-editor-allocator-block-size=1048576"
    "memorysetup-temp-allocator-size-main=16777216"
    "memorysetup-job-temp-allocator-block-size=2097152"
    "memorysetup-job-temp-allocator-block-size-background=1048576"
    "memorysetup-job-temp-allocator-reduction-small-platforms=262144"
    "memorysetup-temp-allocator-size-background-worker=32768"
    "memorysetup-temp-allocator-size-job-worker=262144"
    "memorysetup-temp-allocator-size-preload-manager=33554432"
    "memorysetup-temp-allocator-size-nav-mesh-worker=65536"
    "memorysetup-temp-allocator-size-audio-worker=65536"
    "memorysetup-temp-allocator-size-cloud-worker=32768"
    "memorysetup-temp-allocator-size-gi-baking-worker=262144"
    "memorysetup-temp-allocator-size-gfx=262144"
Refreshing native plugins compatible for Editor in 46.66 ms, found 3 plugins.
Preloading 0 native plugins for Editor in 0.00 ms.
Initialize engine version: 2021.3.10f1 (1c7d0df0160b)
[Subsystems] Discovering subsystems at path /Applications/Unity/Hub/Editor/2021.3.10f1/Unity.app/Contents/Resources/UnitySubsystems
[Subsystems] Discovering subsystems at path /Users/continuu/Desktop/Class/Fruit-Tea/Fruit Tea 2.0/Assets
GfxDevice: creating device client; threaded=0; jobified=0
 preferred device: Apple M1 Max (high power)
Metal devices available: 1
0: Apple M1 Max (high power)
Using device Apple M1 Max (high power)
Initializing Metal device caps: Apple M1 Max
Initialize mono
Mono path[0] = '/Applications/Unity/Hub/Editor/2021.3.10f1/Unity.app/Contents/Managed'
Mono path[1] = '/Applications/Unity/Hub/Editor/2021.3.10f1/Unity.app/Contents/MonoBleedingEdge/lib/mono/unityjit-macos'
Mono config path = '/Applications/Unity/Hub/Editor/2021.3.10f1/Unity.app/Contents/MonoBleedingEdge/etc'
Using monoOptions --debugger-agent=transport=dt_socket,embedding=1,server=y,suspend=n,address=127.0.0.1:56548
Begin MonoManager ReloadAssembly
Registering precompiled unity dll's ...
Register platform support module: /Applications/Unity/Hub/Editor/2021.3.10f1/Unity.app/Contents/PlaybackEngines/MacStandaloneSupport/UnityEditor.OSXStandalone.Extensions.dll
Registered in 0.001573 seconds.
Native extension for OSXStandalone target not found
Refreshing native plugins compatible for Editor in 38.92 ms, found 3 plugins.
Preloading 0 native plugins for Editor in 0.00 ms.
Mono: successfully reloaded assembly
- Completed reload, in  1.522 seconds
Domain Reload Profiling:
	ReloadAssembly (1523ms)
		BeginReloadAssembly (145ms)
			ExecutionOrderSort (0ms)
			DisableScriptedObjects (0ms)
			BackupInstance (0ms)
			ReleaseScriptingObjects (0ms)
			CreateAndSetChildDomain (3ms)
		EndReloadAssembly (1122ms)
			LoadAssemblies (143ms)
			RebuildTransferFunctionScriptingTraits (0ms)
			SetupTypeCache (141ms)
			ReleaseScriptCaches (0ms)
			RebuildScriptCaches (39ms)
			SetupLoadedEditorAssemblies (779ms)
				LogAssemblyErrors (0ms)
				InitializePlatformSupportModulesInManaged (22ms)
				SetLoadedEditorAssemblies (0ms)
				RefreshPlugins (39ms)
				BeforeProcessingInitializeOnLoad (4ms)
				ProcessInitializeOnLoadAttributes (522ms)
				ProcessInitializeOnLoadMethodAttributes (191ms)
				AfterProcessingInitializeOnLoad (0ms)
				EditorAssembliesLoaded (0ms)
			ExecutionOrderSort2 (0ms)
			AwakeInstancesAfterBackupRestoration (0ms)
Platform modules already initialized, skipping
Registering precompiled user dll's ...
Registered in 0.003241 seconds.
Begin MonoManager ReloadAssembly
Native extension for OSXStandalone target not found
Refreshing native plugins compatible for Editor in 0.69 ms, found 3 plugins.
Preloading 0 native plugins for Editor in 0.00 ms.
DisplayProgressbar: Populating Wwise Picker
Mono: successfully reloaded assembly
- Completed reload, in  3.578 seconds
Domain Reload Profiling:
	ReloadAssembly (3580ms)
		BeginReloadAssembly (259ms)
			ExecutionOrderSort (0ms)
			DisableScriptedObjects (39ms)
			BackupInstance (0ms)
			ReleaseScriptingObjects (0ms)
			CreateAndSetChildDomain (32ms)
		EndReloadAssembly (3003ms)
			LoadAssemblies (132ms)
			RebuildTransferFunctionScriptingTraits (0ms)
			SetupTypeCache (253ms)
			ReleaseScriptCaches (1ms)
			RebuildScriptCaches (70ms)
			SetupLoadedEditorAssemblies (2377ms)
				LogAssemblyErrors (0ms)
				InitializePlatformSupportModulesInManaged (18ms)
				SetLoadedEditorAssemblies (1ms)
				RefreshPlugins (1ms)
				BeforeProcessingInitializeOnLoad (113ms)
				ProcessInitializeOnLoadAttributes (2060ms)
				ProcessInitializeOnLoadMethodAttributes (184ms)
				AfterProcessingInitializeOnLoad (1ms)
				EditorAssembliesLoaded (0ms)
			ExecutionOrderSort2 (0ms)
			AwakeInstancesAfterBackupRestoration (11ms)
Platform modules already initialized, skipping
========================================================================
Worker process is ready to serve import requests
Launching external process: /Applications/Unity/Hub/Editor/2021.3.10f1/Unity.app/Contents/Tools/UnityShaderCompiler
Launched and connected shader compiler UnityShaderCompiler after 0.08 seconds
Refreshing native plugins compatible for Editor in 0.68 ms, found 3 plugins.
Preloading 0 native plugins for Editor in 0.00 ms.
Unloading 2176 Unused Serialized files (Serialized files now loaded: 0)
Unloading 90 unused Assets / (118.0 KB). Loaded Objects now: 2582.
Memory consumption went from 186.8 MB to 186.6 MB.
Total: 4.089416 ms (FindLiveObjects: 0.164292 ms CreateObjectMapping: 0.046000 ms MarkObjects: 3.744334 ms  DeleteObjects: 0.133291 ms)

AssetImportParameters requested are different than current active one (requested -> active):
  custom:video-decoder-ogg-theora: a1e56fd34408186e4bbccfd4996cb3dc -> 
  custom:container-muxer-webm: aa71ff27fc2769a1b78a27578f13a17b -> 
  custom:container-demuxer-webm: 4f35f7cbe854078d1ac9338744f61a02 -> 
  custom:video-encoder-webm-vp8: eb34c28f22e8b96e1ab97ce403110664 -> 
  custom:framework-osx-AVFoundation: e770b220cccbd017edd2c1fefb359320 -> 
  custom:audio-encoder-webm-vorbis: bf7c407c2cedff20999df2af8eb42d56 -> 
  custom:container-demuxer-ogg: 62fdf1f143b41e24485cea50d1cbac27 -> 
  custom:video-decoder-webm-vp8: 9c59270c3fd7afecdb556c50c9e8de78 -> 
  custom:audio-decoder-ogg-vorbis: bf7c407c2cedff20999df2af8eb42d56 -> 
========================================================================
Received Import Request.
  Time since last request: 233011.143641 seconds.
  path: Assets/Mat_Test.mat
  artifactKey: Guid(18a53738ef5110945a274916b977234f) Importer(815301076,1909f56bfc062723c751e8b465ee728b)
Start importing Assets/Mat_Test.mat using Guid(18a53738ef5110945a274916b977234f) Importer(815301076,1909f56bfc062723c751e8b465ee728b)  -> (artifact id: '4cd387440ea95d8944131b8580924f4e') in 0.733531 seconds 
========================================================================
Received Import Request.
  Time since last request: 0.000542 seconds.
  path: Assets/Tex_TestFloor.jpg
  artifactKey: Guid(3111ebb3a625ba64ba7bc8b94d49ae08) Importer(815301076,1909f56bfc062723c751e8b465ee728b)
Start importing Assets/Tex_TestFloor.jpg using Guid(3111ebb3a625ba64ba7bc8b94d49ae08) Importer(815301076,1909f56bfc062723c751e8b465ee728b)  -> (artifact id: '8f23d32eacbbb100248c35d663087538') in 0.925858 seconds 
========================================================================
Received Import Request.
  Time since last request: 5.944620 seconds.
  path: Assets/Scenes/Enviro
  artifactKey: Guid(30876030daed948d2898bcfd51d6321a) Importer(815301076,1909f56bfc062723c751e8b465ee728b)
Start importing Assets/Scenes/Enviro using Guid(30876030daed948d2898bcfd51d6321a) Importer(815301076,1909f56bfc062723c751e8b465ee728b)  -> (artifact id: '9cfae23fe7991aeec96a51e5fdf3ca8b') in 0.000794 seconds 
========================================================================
Received Import Request.
  Time since last request: 18.373040 seconds.
  path: Assets/Scenes/Enviro_Test_scene.unity
  artifactKey: Guid(391ca73d9f0574b579a207be1026b4af) Importer(815301076,1909f56bfc062723c751e8b465ee728b)
Start importing Assets/Scenes/Enviro_Test_scene.unity using Guid(391ca73d9f0574b579a207be1026b4af) Importer(815301076,1909f56bfc062723c751e8b465ee728b)  -> (artifact id: 'a0b476a31fcdd1314ecc3498c7eaef57') in 0.000777 seconds 
========================================================================
Received Import Request.
  Time since last request: 24.665528 seconds.
  path: Assets/3D Modeling Stuff
  artifactKey: Guid(70471053c09e04b9fb7e526aaaefd9b1) Importer(815301076,1909f56bfc062723c751e8b465ee728b)
Start importing Assets/3D Modeling Stuff using Guid(70471053c09e04b9fb7e526aaaefd9b1) Importer(815301076,1909f56bfc062723c751e8b465ee728b)  -> (artifact id: 'b64a6b0dd8be67df72ea614c59ff6559') in 0.000663 seconds 
========================================================================
Received Import Request.
  Time since last request: 81.016376 seconds.
  path: Assets/Scenes/CombatTest.unity
  artifactKey: Guid(92e8b5f761e8926448519a2e4e0cb657) Importer(815301076,1909f56bfc062723c751e8b465ee728b)
Start importing Assets/Scenes/CombatTest.unity using Guid(92e8b5f761e8926448519a2e4e0cb657) Importer(815301076,1909f56bfc062723c751e8b465ee728b)  -> (artifact id: '1d5e45216a3d6f0d89efed58d2a48024') in 0.000860 seconds 
========================================================================
Received Import Request.
  Time since last request: 5.554407 seconds.
  path: Assets/Scenes/TheLevel.unity
  artifactKey: Guid(e7322a4b5b97f744d99d981e3b331642) Importer(815301076,1909f56bfc062723c751e8b465ee728b)
Start importing Assets/Scenes/TheLevel.unity using Guid(e7322a4b5b97f744d99d981e3b331642) Importer(815301076,1909f56bfc062723c751e8b465ee728b)  -> (artifact id: '92bf751ab87049b735a49690c507e26b') in 0.001170 seconds 
========================================================================
Received Import Request.
  Time since last request: 44.156270 seconds.
  path: Assets/Scenes/Enviro_Test_scene.unity
  artifactKey: Guid(391ca73d9f0574b579a207be1026b4af) Importer(815301076,1909f56bfc062723c751e8b465ee728b)
Start importing Assets/Scenes/Enviro_Test_scene.unity using Guid(391ca73d9f0574b579a207be1026b4af) Importer(815301076,1909f56bfc062723c751e8b465ee728b)  -> (artifact id: 'fe759497b31ea65dab01a3ae82083bd1') in 0.001607 seconds 
========================================================================
Received Import Request.
  Time since last request: 0.810747 seconds.
  path: Assets/Scenes/SampleScene.unity
  artifactKey: Guid(9fc0d4010bbf28b4594072e72b8655ab) Importer(815301076,1909f56bfc062723c751e8b465ee728b)
Start importing Assets/Scenes/SampleScene.unity using Guid(9fc0d4010bbf28b4594072e72b8655ab) Importer(815301076,1909f56bfc062723c751e8b465ee728b)  -> (artifact id: 'ac3d2002819098d4b31b765cef5c1db7') in 0.000961 seconds 
========================================================================
Received Import Request.
  Time since last request: 50.723448 seconds.
  path: Assets/Scenes/CombatTest 1.unity
  artifactKey: Guid(018fb6b9945384535a938752781c772d) Importer(815301076,1909f56bfc062723c751e8b465ee728b)
Start importing Assets/Scenes/CombatTest 1.unity using Guid(018fb6b9945384535a938752781c772d) Importer(815301076,1909f56bfc062723c751e8b465ee728b)  -> (artifact id: '2d9f4e3dc00ef74beeac795e9be58f79') in 0.000703 seconds 
========================================================================
Received Import Request.
  Time since last request: 26.949282 seconds.
  path: Assets/Scenes/Combat_duplicate.unity
  artifactKey: Guid(018fb6b9945384535a938752781c772d) Importer(815301076,1909f56bfc062723c751e8b465ee728b)
Start importing Assets/Scenes/Combat_duplicate.unity using Guid(018fb6b9945384535a938752781c772d) Importer(815301076,1909f56bfc062723c751e8b465ee728b)  -> (artifact id: '678f488ea00ca85435589890093d1f81') in 0.001094 seconds 
========================================================================
Received Import Request.
  Time since last request: 49.717899 seconds.
  path: Assets/3D Modeling Stuff/OBJ_TEST.mtl
  artifactKey: Guid(15cb6d1369eb04eb6be5626cd65a2700) Importer(815301076,1909f56bfc062723c751e8b465ee728b)
Start importing Assets/3D Modeling Stuff/OBJ_TEST.mtl using Guid(15cb6d1369eb04eb6be5626cd65a2700) Importer(815301076,1909f56bfc062723c751e8b465ee728b)  -> (artifact id: '0626e0f58b1cab223bf1fe316dea22bf') in 0.078153 seconds 
========================================================================
Received Import Request.
  Time since last request: 8.118243 seconds.
  path: Assets/3D Modeling Stuff/OBJ_TEST.obj
  artifactKey: Guid(3cda9a78e83ca40cd8f615eeecad418d) Importer(815301076,1909f56bfc062723c751e8b465ee728b)
Start importing Assets/3D Modeling Stuff/OBJ_TEST.obj using Guid(3cda9a78e83ca40cd8f615eeecad418d) Importer(815301076,1909f56bfc062723c751e8b465ee728b)  -> (artifact id: 'd89134197f65ab8214308c04add98cb6') in 0.226009 seconds 
========================================================================
Received Import Request.
  Time since last request: 6507.821069 seconds.
  path: Assets/3D Modeling Stuff/Textures
  artifactKey: Guid(c580405fdc9f64bf9890ed93f0004752) Importer(815301076,1909f56bfc062723c751e8b465ee728b)
Start importing Assets/3D Modeling Stuff/Textures using Guid(c580405fdc9f64bf9890ed93f0004752) Importer(815301076,1909f56bfc062723c751e8b465ee728b)  -> (artifact id: '4b7174d61dffc2e7e53f242765920b12') in 0.001395 seconds 
========================================================================
Received Import Request.
  Time since last request: 8.404150 seconds.
  path: Assets/3D Modeling Stuff/Textures/Pink_Leaf
  artifactKey: Guid(b7cb226a8b32f4f519289e5f5fc41571) Importer(815301076,1909f56bfc062723c751e8b465ee728b)
Start importing Assets/3D Modeling Stuff/Textures/Pink_Leaf using Guid(b7cb226a8b32f4f519289e5f5fc41571) Importer(815301076,1909f56bfc062723c751e8b465ee728b)  -> (artifact id: 'bb77d4bde0321c35067747c7a08253e2') in 0.001036 seconds 
========================================================================
Received Import Request.
  Time since last request: 12.369939 seconds.
  path: Assets/3D Modeling Stuff/Textures/Pink_Leaf/Leaf_Low_Leaf_Low_initialShadingGroup1_Albedo.png
  artifactKey: Guid(7dca30630372a434e996ab13ef804d31) Importer(815301076,1909f56bfc062723c751e8b465ee728b)
Start importing Assets/3D Modeling Stuff/Textures/Pink_Leaf/Leaf_Low_Leaf_Low_initialShadingGroup1_Albedo.png using Guid(7dca30630372a434e996ab13ef804d31) Importer(815301076,1909f56bfc062723c751e8b465ee728b)  -> (artifact id: 'e2dc0c79a39b9c409f33238a718e0b45') in 0.429807 seconds 
========================================================================
Received Import Request.
  Time since last request: 0.000063 seconds.
  path: Assets/3D Modeling Stuff/Textures/Pink_Leaf/Leaf_Low_Leaf_Low_initialShadingGroup1_Emissive.png
  artifactKey: Guid(d022fc6aa6d9e408891db094409361a0) Importer(815301076,1909f56bfc062723c751e8b465ee728b)
Start importing Assets/3D Modeling Stuff/Textures/Pink_Leaf/Leaf_Low_Leaf_Low_initialShadingGroup1_Emissive.png using Guid(d022fc6aa6d9e408891db094409361a0) Importer(815301076,1909f56bfc062723c751e8b465ee728b)  -> (artifact id: 'e87454763daddcb28b29b31616d7c3a1') in 0.008189 seconds 
========================================================================
Received Import Request.
  Time since last request: 0.000072 seconds.
  path: Assets/3D Modeling Stuff/Textures/Pink_Leaf/Leaf_Low_Leaf_Low_initialShadingGroup1_Normal.png
  artifactKey: Guid(c297b311f79104a2abc3f9d1b6377d32) Importer(815301076,1909f56bfc062723c751e8b465ee728b)
Start importing Assets/3D Modeling Stuff/Textures/Pink_Leaf/Leaf_Low_Leaf_Low_initialShadingGroup1_Normal.png using Guid(c297b311f79104a2abc3f9d1b6377d32) Importer(815301076,1909f56bfc062723c751e8b465ee728b)  -> (artifact id: '4f623ccacc052e7cb55bb11d6a2f0f11') in 0.007737 seconds 
========================================================================
Received Import Request.
  Time since last request: 36.060702 seconds.
  path: Assets/3D Modeling Stuff/Textures/Pink_Leaf/Pink_Flower.mat
  artifactKey: Guid(952072ba81ae54fc881d78827ee3d63a) Importer(815301076,1909f56bfc062723c751e8b465ee728b)
Start importing Assets/3D Modeling Stuff/Textures/Pink_Leaf/Pink_Flower.mat using Guid(952072ba81ae54fc881d78827ee3d63a) Importer(815301076,1909f56bfc062723c751e8b465ee728b)  -> (artifact id: '61f99f1b78f832f1cbcfc82938ed2308') in 0.011621 seconds 
========================================================================
Received Import Request.
  Time since last request: 73.528944 seconds.
  path: Assets/Materials/forest_for_trees.mat
  artifactKey: Guid(5774c7803cb70264bbed6015c61a6def) Importer(815301076,1909f56bfc062723c751e8b465ee728b)
Start importing Assets/Materials/forest_for_trees.mat using Guid(5774c7803cb70264bbed6015c61a6def) Importer(815301076,1909f56bfc062723c751e8b465ee728b)  -> (artifact id: 'ecc643fb7528bc0b0d88e98929bd1d06') in 0.014105 seconds 
========================================================================
Received Import Request.
  Time since last request: 25.473772 seconds.
  path: Assets/3D Modeling Stuff/Textures/Pink_Leaf/Pink_Flower.mat
  artifactKey: Guid(952072ba81ae54fc881d78827ee3d63a) Importer(815301076,1909f56bfc062723c751e8b465ee728b)
Start importing Assets/3D Modeling Stuff/Textures/Pink_Leaf/Pink_Flower.mat using Guid(952072ba81ae54fc881d78827ee3d63a) Importer(815301076,1909f56bfc062723c751e8b465ee728b)  -> (artifact id: 'df0dbde90657e922e74ec9bf4857e07c') in 0.318665 seconds 
========================================================================
Received Import Request.
  Time since last request: 35.299000 seconds.
  path: Assets/3D Modeling Stuff/Textures/Pink_Leaf/Pink_Flower_2.mat
  artifactKey: Guid(87480711bd9764ca18d2f9ecb4e7c6a4) Importer(815301076,1909f56bfc062723c751e8b465ee728b)
Start importing Assets/3D Modeling Stuff/Textures/Pink_Leaf/Pink_Flower_2.mat using Guid(87480711bd9764ca18d2f9ecb4e7c6a4) Importer(815301076,1909f56bfc062723c751e8b465ee728b)  -> (artifact id: '143f88e690d086cda270ec5be800384d') in 0.009078 seconds 
========================================================================
Received Import Request.
  Time since last request: 1189.533677 seconds.
  path: Assets/3D Modeling Stuff/Leaf_Low.fbx
  artifactKey: Guid(b8ef99c54c5c04919b476d77c7d59d0f) Importer(815301076,1909f56bfc062723c751e8b465ee728b)
Start importing Assets/3D Modeling Stuff/Leaf_Low.fbx using Guid(b8ef99c54c5c04919b476d77c7d59d0f) Importer(815301076,1909f56bfc062723c751e8b465ee728b)  -> (artifact id: '72e6c1490e89893e4463ad5c13c3e019') in 0.077100 seconds 
========================================================================
Received Import Request.
  Time since last request: 111.995361 seconds.
  path: Assets/3D Modeling Stuff/Textures/Pink_Leaf/Leaf_Low_Leaf_Low_initialShadingGroup1_Normal.png
  artifactKey: Guid(c297b311f79104a2abc3f9d1b6377d32) Importer(815301076,1909f56bfc062723c751e8b465ee728b)
Start importing Assets/3D Modeling Stuff/Textures/Pink_Leaf/Leaf_Low_Leaf_Low_initialShadingGroup1_Normal.png using Guid(c297b311f79104a2abc3f9d1b6377d32) Importer(815301076,1909f56bfc062723c751e8b465ee728b)  -> (artifact id: '81b44ca2214cac65565ee3f422e06614') in 0.039920 seconds 
========================================================================
Received Import Request.
  Time since last request: 109.870351 seconds.
  path: Assets/3D Modeling Stuff/Textures/Pink_Leaf/Leaf_Low_Leaf_Low_initialShadingGroup1_Height.png
  artifactKey: Guid(9d039b1780e964a778f3ce735bbb7b3e) Importer(815301076,1909f56bfc062723c751e8b465ee728b)
Start importing Assets/3D Modeling Stuff/Textures/Pink_Leaf/Leaf_Low_Leaf_Low_initialShadingGroup1_Height.png using Guid(9d039b1780e964a778f3ce735bbb7b3e) Importer(815301076,1909f56bfc062723c751e8b465ee728b)  -> (artifact id: '489f5ab14c48ebbf8f29d3cc7b58fe11') in 0.009642 seconds 
========================================================================
Received Import Request.
  Time since last request: 62.325217 seconds.
  path: Assets/3D Modeling Stuff/Textures/Pink_Leaf/Test.shader
  artifactKey: Guid(422619620380b4ac8ba2ff7ca1f32108) Importer(815301076,1909f56bfc062723c751e8b465ee728b)
Start importing Assets/3D Modeling Stuff/Textures/Pink_Leaf/Test.shader using Guid(422619620380b4ac8ba2ff7ca1f32108) Importer(815301076,1909f56bfc062723c751e8b465ee728b)  -> (artifact id: '7daee53182f2434a9475e95983988c72') in 0.063082 seconds 
========================================================================
Received Import Request.
  Time since last request: 412.292877 seconds.
  path: Assets/3D Modeling Stuff/Textures/Pink_Leaf/Pink_Flower3.mat
  artifactKey: Guid(08868364b00494e7c92343e15dfd6617) Importer(815301076,1909f56bfc062723c751e8b465ee728b)
Start importing Assets/3D Modeling Stuff/Textures/Pink_Leaf/Pink_Flower3.mat using Guid(08868364b00494e7c92343e15dfd6617) Importer(815301076,1909f56bfc062723c751e8b465ee728b)  -> (artifact id: '227772e38b06b4dbb1d643e2c25f23c2') in 0.008204 seconds 
========================================================================
Received Import Request.
  Time since last request: 19.278165 seconds.
  path: Assets/3D Modeling Stuff/Textures/Pink_Leaf/Pink_Flower_2 1.mat
  artifactKey: Guid(1d282a49886054963a9d2506b03d95fa) Importer(815301076,1909f56bfc062723c751e8b465ee728b)
Start importing Assets/3D Modeling Stuff/Textures/Pink_Leaf/Pink_Flower_2 1.mat using Guid(1d282a49886054963a9d2506b03d95fa) Importer(815301076,1909f56bfc062723c751e8b465ee728b)  -> (artifact id: '9141d979b6b1184f8be52f3452848010') in 0.343434 seconds 
========================================================================
Received Import Request.
  Time since last request: 11.729705 seconds.
  path: Assets/3D Modeling Stuff/Textures/Pink_Leaf/Pink_Flower_3 1.mat
  artifactKey: Guid(1d282a49886054963a9d2506b03d95fa) Importer(815301076,1909f56bfc062723c751e8b465ee728b)
Start importing Assets/3D Modeling Stuff/Textures/Pink_Leaf/Pink_Flower_3 1.mat using Guid(1d282a49886054963a9d2506b03d95fa) Importer(815301076,1909f56bfc062723c751e8b465ee728b)  -> (artifact id: '6dc8b03403c33fa5ed3a77e51917b030') in 0.022789 seconds 
