Unity Editor version:    2021.3.10f1 (1c7d0df0160b)
Branch:                  2021.3/staging
Build type:              Release
Batch mode:              YES
macOS version:           Version 12.5 (Build 21G72)
Darwin version:          21.6.0
Architecture:            x86_64
Running under Rosetta:   YES
Available memory:        32768 MB
Using pre-set license
Pro License: YES

COMMAND LINE ARGUMENTS:
/Applications/Unity/Hub/Editor/2021.3.10f1/Unity.app/Contents/MacOS/Unity
-adb2
-batchMode
-noUpm
-name
AssetImportWorker0
-projectPath
/Users/continuu/Desktop/Class/Fruit-Tea/Fruit Tea 2.0
-logFile
Logs/AssetImportWorker0.log
-srvPort
55943
Successfully changed project path to: /Users/continuu/Desktop/Class/Fruit-Tea/Fruit Tea 2.0
/Users/continuu/Desktop/Class/Fruit-Tea/Fruit Tea 2.0
[UnityMemory] Configuration Parameters - Can be set up in boot.config
    "memorysetup-bucket-allocator-granularity=16"
    "memorysetup-bucket-allocator-bucket-count=8"
    "memorysetup-bucket-allocator-block-size=33554432"
    "memorysetup-bucket-allocator-block-count=8"
    "memorysetup-main-allocator-block-size=16777216"
    "memorysetup-thread-allocator-block-size=16777216"
    "memorysetup-gfx-main-allocator-block-size=16777216"
    "memorysetup-gfx-thread-allocator-block-size=16777216"
    "memorysetup-cache-allocator-block-size=4194304"
    "memorysetup-typetree-allocator-block-size=2097152"
    "memorysetup-profiler-bucket-allocator-granularity=16"
    "memorysetup-profiler-bucket-allocator-bucket-count=8"
    "memorysetup-profiler-bucket-allocator-block-size=33554432"
    "memorysetup-profiler-bucket-allocator-block-count=8"
    "memorysetup-profiler-allocator-block-size=16777216"
    "memorysetup-profiler-editor-allocator-block-size=1048576"
    "memorysetup-temp-allocator-size-main=16777216"
    "memorysetup-job-temp-allocator-block-size=2097152"
    "memorysetup-job-temp-allocator-block-size-background=1048576"
    "memorysetup-job-temp-allocator-reduction-small-platforms=262144"
    "memorysetup-temp-allocator-size-background-worker=32768"
    "memorysetup-temp-allocator-size-job-worker=262144"
    "memorysetup-temp-allocator-size-preload-manager=33554432"
    "memorysetup-temp-allocator-size-nav-mesh-worker=65536"
    "memorysetup-temp-allocator-size-audio-worker=65536"
    "memorysetup-temp-allocator-size-cloud-worker=32768"
    "memorysetup-temp-allocator-size-gi-baking-worker=262144"
    "memorysetup-temp-allocator-size-gfx=262144"
Refreshing native plugins compatible for Editor in 52.63 ms, found 3 plugins.
Preloading 0 native plugins for Editor in 0.00 ms.
Initialize engine version: 2021.3.10f1 (1c7d0df0160b)
[Subsystems] Discovering subsystems at path /Applications/Unity/Hub/Editor/2021.3.10f1/Unity.app/Contents/Resources/UnitySubsystems
[Subsystems] Discovering subsystems at path /Users/continuu/Desktop/Class/Fruit-Tea/Fruit Tea 2.0/Assets
GfxDevice: creating device client; threaded=0; jobified=0
 preferred device: Apple M1 Max (high power)
Metal devices available: 1
0: Apple M1 Max (high power)
Using device Apple M1 Max (high power)
Initializing Metal device caps: Apple M1 Max
Initialize mono
Mono path[0] = '/Applications/Unity/Hub/Editor/2021.3.10f1/Unity.app/Contents/Managed'
Mono path[1] = '/Applications/Unity/Hub/Editor/2021.3.10f1/Unity.app/Contents/MonoBleedingEdge/lib/mono/unityjit-macos'
Mono config path = '/Applications/Unity/Hub/Editor/2021.3.10f1/Unity.app/Contents/MonoBleedingEdge/etc'
Using monoOptions --debugger-agent=transport=dt_socket,embedding=1,server=y,suspend=n,address=127.0.0.1:56644
Begin MonoManager ReloadAssembly
Registering precompiled unity dll's ...
Register platform support module: /Applications/Unity/Hub/Editor/2021.3.10f1/Unity.app/Contents/PlaybackEngines/MacStandaloneSupport/UnityEditor.OSXStandalone.Extensions.dll
Registered in 0.000804 seconds.
Native extension for OSXStandalone target not found
Refreshing native plugins compatible for Editor in 37.46 ms, found 3 plugins.
Preloading 0 native plugins for Editor in 0.00 ms.
Mono: successfully reloaded assembly
- Completed reload, in  1.362 seconds
Domain Reload Profiling:
	ReloadAssembly (1363ms)
		BeginReloadAssembly (113ms)
			ExecutionOrderSort (0ms)
			DisableScriptedObjects (0ms)
			BackupInstance (0ms)
			ReleaseScriptingObjects (0ms)
			CreateAndSetChildDomain (2ms)
		EndReloadAssembly (1015ms)
			LoadAssemblies (114ms)
			RebuildTransferFunctionScriptingTraits (0ms)
			SetupTypeCache (137ms)
			ReleaseScriptCaches (0ms)
			RebuildScriptCaches (36ms)
			SetupLoadedEditorAssemblies (696ms)
				LogAssemblyErrors (0ms)
				InitializePlatformSupportModulesInManaged (20ms)
				SetLoadedEditorAssemblies (0ms)
				RefreshPlugins (38ms)
				BeforeProcessingInitializeOnLoad (4ms)
				ProcessInitializeOnLoadAttributes (476ms)
				ProcessInitializeOnLoadMethodAttributes (158ms)
				AfterProcessingInitializeOnLoad (0ms)
				EditorAssembliesLoaded (0ms)
			ExecutionOrderSort2 (0ms)
			AwakeInstancesAfterBackupRestoration (0ms)
Platform modules already initialized, skipping
Registering precompiled user dll's ...
Registered in 0.004431 seconds.
Begin MonoManager ReloadAssembly
Native extension for OSXStandalone target not found
Refreshing native plugins compatible for Editor in 0.73 ms, found 3 plugins.
Preloading 0 native plugins for Editor in 0.00 ms.
Mono: successfully reloaded assembly
- Completed reload, in  3.135 seconds
Domain Reload Profiling:
	ReloadAssembly (3137ms)
		BeginReloadAssembly (220ms)
			ExecutionOrderSort (0ms)
			DisableScriptedObjects (38ms)
			BackupInstance (0ms)
			ReleaseScriptingObjects (0ms)
			CreateAndSetChildDomain (28ms)
		EndReloadAssembly (2624ms)
			LoadAssemblies (119ms)
			RebuildTransferFunctionScriptingTraits (0ms)
			SetupTypeCache (238ms)
			ReleaseScriptCaches (1ms)
			RebuildScriptCaches (66ms)
			SetupLoadedEditorAssemblies (2028ms)
				LogAssemblyErrors (0ms)
				InitializePlatformSupportModulesInManaged (14ms)
				SetLoadedEditorAssemblies (1ms)
				RefreshPlugins (1ms)
				BeforeProcessingInitializeOnLoad (97ms)
				ProcessInitializeOnLoadAttributes (1765ms)
				ProcessInitializeOnLoadMethodAttributes (150ms)
				AfterProcessingInitializeOnLoad (1ms)
				EditorAssembliesLoaded (0ms)
			ExecutionOrderSort2 (0ms)
			AwakeInstancesAfterBackupRestoration (8ms)
Platform modules already initialized, skipping
========================================================================
Worker process is ready to serve import requests
Launching external process: /Applications/Unity/Hub/Editor/2021.3.10f1/Unity.app/Contents/Tools/UnityShaderCompiler
Launched and connected shader compiler UnityShaderCompiler after 0.08 seconds
Refreshing native plugins compatible for Editor in 0.74 ms, found 3 plugins.
Preloading 0 native plugins for Editor in 0.00 ms.
Unloading 2176 Unused Serialized files (Serialized files now loaded: 0)
Unloading 90 unused Assets / (118.0 KB). Loaded Objects now: 2583.
Memory consumption went from 187.2 MB to 187.0 MB.
Total: 3.593584 ms (FindLiveObjects: 0.118333 ms CreateObjectMapping: 0.044583 ms MarkObjects: 3.259708 ms  DeleteObjects: 0.169708 ms)

AssetImportParameters requested are different than current active one (requested -> active):
  custom:video-decoder-ogg-theora: a1e56fd34408186e4bbccfd4996cb3dc -> 
  custom:container-muxer-webm: aa71ff27fc2769a1b78a27578f13a17b -> 
  custom:container-demuxer-webm: 4f35f7cbe854078d1ac9338744f61a02 -> 
  custom:video-encoder-webm-vp8: eb34c28f22e8b96e1ab97ce403110664 -> 
  custom:framework-osx-AVFoundation: e770b220cccbd017edd2c1fefb359320 -> 
  custom:audio-encoder-webm-vorbis: bf7c407c2cedff20999df2af8eb42d56 -> 
  custom:container-demuxer-ogg: 62fdf1f143b41e24485cea50d1cbac27 -> 
  custom:video-decoder-webm-vp8: 9c59270c3fd7afecdb556c50c9e8de78 -> 
  custom:audio-decoder-ogg-vorbis: bf7c407c2cedff20999df2af8eb42d56 -> 
========================================================================
Received Import Request.
  Time since last request: 252517.173083 seconds.
  path: Assets/3D Modeling Stuff/Textures/Pink_Leaf/Pink_Flower_2.mat
  artifactKey: Guid(87480711bd9764ca18d2f9ecb4e7c6a4) Importer(815301076,1909f56bfc062723c751e8b465ee728b)
Start importing Assets/3D Modeling Stuff/Textures/Pink_Leaf/Pink_Flower_2.mat using Guid(87480711bd9764ca18d2f9ecb4e7c6a4) Importer(815301076,1909f56bfc062723c751e8b465ee728b)  -> (artifact id: 'fb60524c3f2675f4931539607bb3c72b') in 0.854627 seconds 
========================================================================
Received Import Request.
  Time since last request: 43.752975 seconds.
  path: Assets/3D Modeling Stuff/Textures/Pink_Leaf/Terrain.obj
  artifactKey: Guid(92de869c067e946e0843310e575a75c7) Importer(815301076,1909f56bfc062723c751e8b465ee728b)
Start importing Assets/3D Modeling Stuff/Textures/Pink_Leaf/Terrain.obj using Guid(92de869c067e946e0843310e575a75c7) Importer(815301076,1909f56bfc062723c751e8b465ee728b)  -> (artifact id: 'f15c2c4f9f6873d752e6cd66561db876') in 0.209710 seconds 
========================================================================
Received Import Request.
  Time since last request: 23.763264 seconds.
  path: Assets/3D Modeling Stuff/Textures/Pink_Leaf/floor drawinmg2.png
  artifactKey: Guid(4c9d8ba7581d549feaed79d0ad03b4c5) Importer(815301076,1909f56bfc062723c751e8b465ee728b)
Start importing Assets/3D Modeling Stuff/Textures/Pink_Leaf/floor drawinmg2.png using Guid(4c9d8ba7581d549feaed79d0ad03b4c5) Importer(815301076,1909f56bfc062723c751e8b465ee728b)  -> (artifact id: 'f8dccaa6c5fef6cb1ae4d4e2750a4dec') in 0.596633 seconds 
========================================================================
Received Import Request.
  Time since last request: 47.869064 seconds.
  path: Assets/3D Modeling Stuff/Textures/Pink_Leaf/floor drawinmg2.png
  artifactKey: Guid(4c9d8ba7581d549feaed79d0ad03b4c5) Importer(815301076,1909f56bfc062723c751e8b465ee728b)
Start importing Assets/3D Modeling Stuff/Textures/Pink_Leaf/floor drawinmg2.png using Guid(4c9d8ba7581d549feaed79d0ad03b4c5) Importer(815301076,1909f56bfc062723c751e8b465ee728b)  -> (artifact id: '24b8ed4bcd709ba30ec24ea652bf9194') in 0.009254 seconds 
========================================================================
Received Import Request.
  Time since last request: 6.053372 seconds.
  path: Assets/3D Modeling Stuff/Textures/Pink_Leaf/Floor.mat
  artifactKey: Guid(07d9bff83f1f247db9afa707ad2c6233) Importer(815301076,1909f56bfc062723c751e8b465ee728b)
Start importing Assets/3D Modeling Stuff/Textures/Pink_Leaf/Floor.mat using Guid(07d9bff83f1f247db9afa707ad2c6233) Importer(815301076,1909f56bfc062723c751e8b465ee728b)  -> (artifact id: 'dfd1bb181a9968ee40d66a9f646396c6') in 0.008221 seconds 
========================================================================
Received Import Request.
  Time since last request: 435.875816 seconds.
  path: Assets/3D Modeling Stuff/Textures/Pink_Leaf/Floor.mat
  artifactKey: Guid(07d9bff83f1f247db9afa707ad2c6233) Importer(815301076,1909f56bfc062723c751e8b465ee728b)
Start importing Assets/3D Modeling Stuff/Textures/Pink_Leaf/Floor.mat using Guid(07d9bff83f1f247db9afa707ad2c6233) Importer(815301076,1909f56bfc062723c751e8b465ee728b)  -> (artifact id: '96dac981e3a8bb5087163b53554a782b') in 0.010540 seconds 
